<?xml version="1.0" encoding="UTF-8"?>
<!-- Generated by org.testng.reporters.JUnitXMLReporter -->
<testsuite hostname="ispl_645" name="Appium Contact Manager" tests="1" failures="1" timestamp="18 Jun 2015 10:05:28 GMT" time="85.307" errors="0">
  <testcase name="Add New Contact" time="85.05" classname="com.infostretch.automation.step.client.Scenario">
    <failure type="java.lang.NullPointerException">
      <![CDATA[java.lang.NullPointerException
	at com.infostretch.automation.testng.basic.QAFTestNGListener.processResult(SourceFile:284)
	at com.infostretch.automation.testng.basic.QAFTestNGListener.afterInvocation(SourceFile:205)
	at com.infostretch.automation.testng.pro.IsTestNGListener.afterInvocation(SourceFile:185)
... Removed 22 stack frames]]>
    </failure>
  </testcase> <!-- Add New Contact -->
</testsuite> <!-- Appium Contact Manager -->
