<?xml version="1.0" encoding="UTF-8"?>
<testng-results skipped="1" failed="0" total="1" passed="0">
  <reporter-output>
    <line>
      <![CDATA[<div style="display:block;margin-left:10px;"><div  class="teststeppass"><span class="teststeppass-label">T </span>Given user opens contact manager</div><div  class="teststepfail"><span class="teststepfail-label">T </span>And open add contact screen</div><div style="display:block;margin-left:10px;"><div  class="fail"><span class="fail-label">F </span>Enable to Create Driver Instance for appium: java.lang.reflect.InvocationTargetException
Build info: version: '2.45.0', revision: '5017cb8e7ca8e37638dc3091b2440b90a1d8686f', time: '2015-02-27 09:10:26'
System info: host: 'ispl_645', ip: '172.25.79.143', os.name: 'Windows 8.1', os.arch: 'amd64', os.version: '6.3', java.version: '1.7.0_67'
Driver info: driver.version: unknown</div></div><div  class="teststep"><span class="teststep-label">T </span>And generate random contact data</div><div  class="teststep"><span class="teststep-label">T </span>And store into new.contact</div><div  class="teststep"><span class="teststep-label">T </span>When fill contact details form with ${new.contact}</div><div  class="teststep"><span class="teststep-label">T </span>And click on save button</div><div  class="teststep"><span class="teststep-label">T </span>Then verify contact ${new.contact} is displayed in list</div></div>]]>
    </line>
  </reporter-output>
  <suite name="QAS Demo" duration-ms="4753" started-at="2015-06-18T10:02:31Z" finished-at="2015-06-18T10:02:36Z">
    <groups>
      <group name="SMOKE">
        <method signature="M:\JenkinsDemo\AppiumContactManagerDemo\AppiumDemoContactManager\.\scenarios\suite1.bdd.Add New Contact()[pri:1000, instance:com.infostretch.automation.step.client.Scenario@3e8]" name="Add New Contact" class="com.infostretch.automation.step.client.Scenario"/>
      </group> <!-- SMOKE -->
    </groups>
    <test name="Appium Contact Manager" duration-ms="4753" started-at="2015-06-18T10:02:31Z" finished-at="2015-06-18T10:02:36Z">
      <class name="com.infostretch.automation.step.client.Scenario">
        <test-method status="PASS" signature="setupSuit(java.lang.String, java.lang.String, java.lang.String, java.lang.String, org.testng.ITestContext)[pri:0, instance:com.infostretch.automation.step.client.Scenario@3e8]" name="setupSuit" is-config="true" duration-ms="42" started-at="2015-06-18T15:32:31Z" finished-at="2015-06-18T15:32:31Z">
          <params>
            <param index="0">
              <value>
                <![CDATA[]]>
              </value>
            </param>
            <param index="1">
              <value>
                <![CDATA[]]>
              </value>
            </param>
            <param index="2">
              <value>
                <![CDATA[]]>
              </value>
            </param>
            <param index="3">
              <value>
                <![CDATA[]]>
              </value>
            </param>
            <param index="4">
              <value>
                <![CDATA[org.testng.TestRunner@3bbdbf7b]]>
              </value>
            </param>
          </params>
          <reporter-output>
          </reporter-output>
        </test-method> <!-- setupSuit -->
        <test-method status="PASS" signature="setupSuit(java.lang.String, java.lang.String, java.lang.String, java.lang.String, org.testng.ITestContext)[pri:0, instance:com.infostretch.automation.step.client.Scenario@3e8]" name="setupSuit" is-config="true" duration-ms="1" started-at="2015-06-18T15:32:31Z" finished-at="2015-06-18T15:32:31Z">
          <params>
            <param index="0">
              <value>
                <![CDATA[]]>
              </value>
            </param>
            <param index="1">
              <value>
                <![CDATA[]]>
              </value>
            </param>
            <param index="2">
              <value>
                <![CDATA[]]>
              </value>
            </param>
            <param index="3">
              <value>
                <![CDATA[]]>
              </value>
            </param>
            <param index="4">
              <value>
                <![CDATA[org.testng.TestRunner@3bbdbf7b]]>
              </value>
            </param>
          </params>
          <reporter-output>
          </reporter-output>
        </test-method> <!-- setupSuit -->
        <test-method status="PASS" signature="setup(java.lang.String, java.lang.String, java.lang.String, java.lang.String, org.testng.ITestContext)[pri:0, instance:com.infostretch.automation.step.client.Scenario@3e8]" test-instance-name="Add New Contact" name="setup" is-config="true" duration-ms="1" started-at="2015-06-18T15:32:31Z" finished-at="2015-06-18T15:32:31Z">
          <params>
            <param index="0">
              <value>
                <![CDATA[]]>
              </value>
            </param>
            <param index="1">
              <value>
                <![CDATA[]]>
              </value>
            </param>
            <param index="2">
              <value>
                <![CDATA[]]>
              </value>
            </param>
            <param index="3">
              <value>
                <![CDATA[]]>
              </value>
            </param>
            <param index="4">
              <value>
                <![CDATA[org.testng.TestRunner@3bbdbf7b]]>
              </value>
            </param>
          </params>
          <reporter-output>
          </reporter-output>
        </test-method> <!-- setup -->
        <test-method status="PASS" signature="setupMethod(java.lang.String, java.lang.String, java.lang.String, java.lang.String, java.lang.reflect.Method)[pri:0, instance:com.infostretch.automation.step.client.Scenario@3e8]" test-instance-name="Add New Contact" name="setupMethod" is-config="true" duration-ms="2" started-at="2015-06-18T15:32:31Z" finished-at="2015-06-18T15:32:31Z">
          <params>
            <param index="0">
              <value>
                <![CDATA[]]>
              </value>
            </param>
            <param index="1">
              <value>
                <![CDATA[]]>
              </value>
            </param>
            <param index="2">
              <value>
                <![CDATA[]]>
              </value>
            </param>
            <param index="3">
              <value>
                <![CDATA[]]>
              </value>
            </param>
            <param index="4">
              <value>
                <![CDATA[public void com.infostretch.automation.step.client.Scenario.scenario()]]>
              </value>
            </param>
          </params>
          <reporter-output>
          </reporter-output>
        </test-method> <!-- setupMethod -->
        <test-method status="SKIP" signature="Add New Contact()[pri:1000, instance:com.infostretch.automation.step.client.Scenario@3e8]" test-instance-name="Add New Contact" name="Add New Contact" duration-ms="4189" started-at="2015-06-18T15:32:31Z" description="Add Contact and Verify" finished-at="2015-06-18T15:32:35Z">
          <exception class="com.infostretch.automation.step.StepInvocationException">
            <message>
              <![CDATA[Enable to Create Driver Instance for appium: java.lang.reflect.InvocationTargetException
Build info: version: '2.45.0', revision: '5017cb8e7ca8e37638dc3091b2440b90a1d8686f', time: '2015-02-27 09:10:26'
System info: host: 'ispl_645', ip: '172.25.79.143', os.name: 'Windows 8.1', os.arch: 'amd64', os.version: '6.3', java.version: '1.7.0_67'
Driver info: driver.version: unknown]]>
            </message>
            <full-stacktrace>
              <![CDATA[com.infostretch.automation.step.StepInvocationException: Enable to Create Driver Instance for appium: java.lang.reflect.InvocationTargetException
Build info: version: '2.45.0', revision: '5017cb8e7ca8e37638dc3091b2440b90a1d8686f', time: '2015-02-27 09:10:26'
System info: host: 'ispl_645', ip: '172.25.79.143', os.name: 'Windows 8.1', os.arch: 'amd64', os.version: '6.3', java.version: '1.7.0_67'
Driver info: driver.version: unknown
	at .(M:\JenkinsDemo\AppiumContactManagerDemo\AppiumDemoContactManager\.\scenarios\suite1.bdd:7)
	at com.infostretch.automation.ui.UiDriver$Browsers.a(SourceFile:194)
	at com.infostretch.automation.ui.UiDriver$Browsers.getFor(SourceFile:108)
	at com.infostretch.automation.ui.UiDriverFactory.get(SourceFile:73)
	at com.infostretch.automation.core.QAFTestBase.getUiDriver(SourceFile:225)
	at com.infostretch.automation.ui.selenium.WaitService.<init>(SourceFile:82)
	at com.infostretch.automation.ui.AbstractTestPage.<init>(SourceFile:77)
	at com.infostretch.automation.ui.AbstractTestPage.<init>(SourceFile:88)
	at com.infostretch.automation.ui.WebDriverBaseTestPage.<init>(SourceFile:56)
	at com.infostretch.automation.ui.WebDriverBaseTestPage.<init>(SourceFile:52)
	at com.example.android.contactmanager.pages.AddContactScreen.<init>(AddContactScreen.java:12)
	at sun.reflect.NativeConstructorAccessorImpl.newInstance0(Native Method)
	at sun.reflect.NativeConstructorAccessorImpl.newInstance(Unknown Source)
	at sun.reflect.DelegatingConstructorAccessorImpl.newInstance(Unknown Source)
	at java.lang.reflect.Constructor.newInstance(Unknown Source)
	at java.lang.Class.newInstance(Unknown Source)
	at com.infostretch.automation.step.JavaStep.getStepProvider(SourceFile:133)
	at com.infostretch.automation.step.JavaStep.doExecute(SourceFile:101)
	at com.infostretch.automation.step.BaseTestStep.execute(SourceFile:116)
	at com.infostretch.automation.step.JavaStep.execute(SourceFile:81)
	at com.infostretch.automation.step.StringTestStep.execute(SourceFile:93)
	at com.infostretch.automation.step.client.Scenario.execute(SourceFile:165)
	at com.infostretch.automation.step.client.Scenario.scenario(SourceFile:212)
	at sun.reflect.NativeMethodAccessorImpl.invoke0(Native Method)
	at sun.reflect.NativeMethodAccessorImpl.invoke(Unknown Source)
	at sun.reflect.DelegatingMethodAccessorImpl.invoke(Unknown Source)
	at java.lang.reflect.Method.invoke(Unknown Source)
	at org.testng.internal.MethodInvocationHelper.invokeMethod(MethodInvocationHelper.java:84)
	at org.testng.internal.Invoker.invokeMethod(Invoker.java:714)
	at org.testng.internal.Invoker.invokeTestMethod(Invoker.java:901)
	at org.testng.internal.Invoker.invokeTestMethods(Invoker.java:1231)
	at org.testng.internal.TestMethodWorker.invokeTestMethods(TestMethodWorker.java:127)
	at org.testng.internal.TestMethodWorker.run(TestMethodWorker.java:111)
	at org.testng.TestRunner.privateRun(SourceFile:786)
	at org.testng.TestRunner.run(SourceFile:631)
	at org.testng.SuiteRunner.runTest(SuiteRunner.java:334)
	at org.testng.SuiteRunner.runSequentially(SuiteRunner.java:329)
	at org.testng.SuiteRunner.privateRun(SuiteRunner.java:291)
	at org.testng.SuiteRunner.run(SuiteRunner.java:240)
	at org.testng.SuiteRunnerWorker.runSuite(SuiteRunnerWorker.java:52)
	at org.testng.SuiteRunnerWorker.run(SuiteRunnerWorker.java:86)
	at org.testng.TestNG.runSuitesSequentially(TestNG.java:1224)
	at org.testng.TestNG.runSuitesLocally(TestNG.java:1149)
	at org.testng.TestNG.run(TestNG.java:1057)
	at org.testng.TestNG.privateMain(TestNG.java:1364)
	at org.testng.TestNG.main(TestNG.java:1333)
]]>
            </full-stacktrace>
          </exception> <!-- com.infostretch.automation.step.StepInvocationException -->
          <reporter-output>
            <line>
              <![CDATA[<div style="display:block;margin-left:10px;"><div  class="teststeppass"><span class="teststeppass-label">T </span>Given user opens contact manager</div><div  class="teststepfail"><span class="teststepfail-label">T </span>And open add contact screen</div><div style="display:block;margin-left:10px;"><div  class="fail"><span class="fail-label">F </span>Enable to Create Driver Instance for appium: java.lang.reflect.InvocationTargetException
Build info: version: '2.45.0', revision: '5017cb8e7ca8e37638dc3091b2440b90a1d8686f', time: '2015-02-27 09:10:26'
System info: host: 'ispl_645', ip: '172.25.79.143', os.name: 'Windows 8.1', os.arch: 'amd64', os.version: '6.3', java.version: '1.7.0_67'
Driver info: driver.version: unknown</div></div><div  class="teststep"><span class="teststep-label">T </span>And generate random contact data</div><div  class="teststep"><span class="teststep-label">T </span>And store into new.contact</div><div  class="teststep"><span class="teststep-label">T </span>When fill contact details form with ${new.contact}</div><div  class="teststep"><span class="teststep-label">T </span>And click on save button</div><div  class="teststep"><span class="teststep-label">T </span>Then verify contact ${new.contact} is displayed in list</div></div>]]>
            </line>
          </reporter-output>
        </test-method> <!-- Add New Contact -->
        <test-method status="PASS" signature="afterMethod(org.testng.ITestContext, org.testng.ITestResult)[pri:0, instance:com.infostretch.automation.step.client.Scenario@3e8]" test-instance-name="Add New Contact" name="afterMethod" is-config="true" duration-ms="0" started-at="2015-06-18T15:32:36Z" finished-at="2015-06-18T15:32:36Z">
          <params>
            <param index="0">
              <value>
                <![CDATA[org.testng.TestRunner@3bbdbf7b]]>
              </value>
            </param>
            <param index="1">
              <value>
                <![CDATA[[TestResult name=Add New Contact status=SKIP method=M:\JenkinsDemo\AppiumContactManagerDemo\AppiumDemoContactManager\.\scenarios\suite1.bdd.Add New Contact()[pri:1000, instance:com.infostretch.automation.step.client.Scenario@3e8] output=<div style="display:block;margin-left:10px;"><div  class="teststeppass"><span class="teststeppass-label">T </span>Given user opens contact manager</div><div  class="teststepfail"><span class="teststepfail-label">T </span>And open add contact screen</div><div style="display:block;margin-left:10px;"><div  class="fail"><span class="fail-label">F </span>Enable to Create Driver Instance for appium: java.lang.reflect.InvocationTargetException
Build info: version: '2.45.0', revision: '5017cb8e7ca8e37638dc3091b2440b90a1d8686f', time: '2015-02-27 09:10:26'
System info: host: 'ispl_645', ip: '172.25.79.143', os.name: 'Windows 8.1', os.arch: 'amd64', os.version: '6.3', java.version: '1.7.0_67'
Driver info: driver.version: unknown</div></div><div  class="teststep"><span class="teststep-label">T </span>And generate random contact data</div><div  class="teststep"><span class="teststep-label">T </span>And store into new.contact</div><div  class="teststep"><span class="teststep-label">T </span>When fill contact details form with ${new.contact}</div><div  class="teststep"><span class="teststep-label">T </span>And click on save button</div><div  class="teststep"><span class="teststep-label">T </span>Then verify contact ${new.contact} is displayed in list</div></div>]]]>
              </value>
            </param>
          </params>
          <reporter-output>
          </reporter-output>
        </test-method> <!-- afterMethod -->
        <test-method status="PASS" signature="afterClass(org.testng.ITestContext)[pri:0, instance:com.infostretch.automation.step.client.Scenario@3e8]" test-instance-name="Add New Contact" name="afterClass" is-config="true" duration-ms="0" started-at="2015-06-18T15:32:36Z" finished-at="2015-06-18T15:32:36Z">
          <params>
            <param index="0">
              <value>
                <![CDATA[org.testng.TestRunner@3bbdbf7b]]>
              </value>
            </param>
          </params>
          <reporter-output>
          </reporter-output>
        </test-method> <!-- afterClass -->
        <test-method status="PASS" signature="afterTest(org.testng.ITestContext)[pri:0, instance:com.infostretch.automation.step.client.Scenario@3e8]" name="afterTest" is-config="true" duration-ms="1" started-at="2015-06-18T15:32:36Z" finished-at="2015-06-18T15:32:36Z">
          <params>
            <param index="0">
              <value>
                <![CDATA[org.testng.TestRunner@3bbdbf7b]]>
              </value>
            </param>
          </params>
          <reporter-output>
          </reporter-output>
        </test-method> <!-- afterTest -->
        <test-method status="PASS" signature="afterSuit(org.testng.ITestContext)[pri:0, instance:com.infostretch.automation.step.client.Scenario@3e8]" name="afterSuit" is-config="true" duration-ms="10" started-at="2015-06-18T15:32:36Z" finished-at="2015-06-18T15:32:36Z">
          <params>
            <param index="0">
              <value>
                <![CDATA[org.testng.TestRunner@3bbdbf7b]]>
              </value>
            </param>
          </params>
          <reporter-output>
          </reporter-output>
        </test-method> <!-- afterSuit -->
      </class> <!-- com.infostretch.automation.step.client.Scenario -->
    </test> <!-- Appium Contact Manager -->
  </suite> <!-- QAS Demo -->
</testng-results>
