<?xml version="1.0" encoding="UTF-8"?>
<testng-results skipped="0" failed="0" total="1" passed="1">
  <reporter-output>
    <line>
      <![CDATA[<div style="display:block;margin-left:10px;"><div  class="teststeppass"><span class="teststeppass-label">T </span>Given user opens contact manager</div><div  class="teststeppass"><span class="teststeppass-label">T </span>And open add contact screen</div><div  class="teststeppass"><span class="teststeppass-label">T </span>And generate random contact data</div><div  class="teststeppass"><span class="teststeppass-label">T </span>And store into new.contact</div><div  class="teststeppass"><span class="teststeppass-label">T </span>When fill contact details form with [phone : (165) 076 3794,email : wmg3K@infostretch.com,name : RbzliE]</div><div  class="teststeppass"><span class="teststeppass-label">T </span>And click on save button</div></div>]]>
    </line>
  </reporter-output>
  <suite name="QAS Demo" duration-ms="49148" started-at="2015-06-18T10:35:48Z" finished-at="2015-06-18T10:36:37Z">
    <groups>
      <group name="SMOKE">
        <method signature="M:\JenkinsDemo\AppiumContactManagerDemo\AppiumDemoContactManager\.\scenarios\suite1.bdd.Add New Contact()[pri:1000, instance:com.infostretch.automation.step.client.Scenario@3e8]" name="Add New Contact" class="com.infostretch.automation.step.client.Scenario"/>
      </group> <!-- SMOKE -->
    </groups>
    <test name="Appium Contact Manager" duration-ms="49148" started-at="2015-06-18T10:35:48Z" finished-at="2015-06-18T10:36:37Z">
      <class name="com.infostretch.automation.step.client.Scenario">
        <test-method status="PASS" signature="setupSuit(java.lang.String, java.lang.String, java.lang.String, java.lang.String, org.testng.ITestContext)[pri:0, instance:com.infostretch.automation.step.client.Scenario@3e8]" name="setupSuit" is-config="true" duration-ms="12" started-at="2015-06-18T16:05:48Z" finished-at="2015-06-18T16:05:48Z">
          <params>
            <param index="0">
              <value>
                <![CDATA[]]>
              </value>
            </param>
            <param index="1">
              <value>
                <![CDATA[]]>
              </value>
            </param>
            <param index="2">
              <value>
                <![CDATA[]]>
              </value>
            </param>
            <param index="3">
              <value>
                <![CDATA[]]>
              </value>
            </param>
            <param index="4">
              <value>
                <![CDATA[org.testng.TestRunner@1dca8c4a]]>
              </value>
            </param>
          </params>
          <reporter-output>
          </reporter-output>
        </test-method> <!-- setupSuit -->
        <test-method status="PASS" signature="setupSuit(java.lang.String, java.lang.String, java.lang.String, java.lang.String, org.testng.ITestContext)[pri:0, instance:com.infostretch.automation.step.client.Scenario@3e8]" name="setupSuit" is-config="true" duration-ms="0" started-at="2015-06-18T16:05:48Z" finished-at="2015-06-18T16:05:48Z">
          <params>
            <param index="0">
              <value>
                <![CDATA[]]>
              </value>
            </param>
            <param index="1">
              <value>
                <![CDATA[]]>
              </value>
            </param>
            <param index="2">
              <value>
                <![CDATA[]]>
              </value>
            </param>
            <param index="3">
              <value>
                <![CDATA[]]>
              </value>
            </param>
            <param index="4">
              <value>
                <![CDATA[org.testng.TestRunner@1dca8c4a]]>
              </value>
            </param>
          </params>
          <reporter-output>
          </reporter-output>
        </test-method> <!-- setupSuit -->
        <test-method status="PASS" signature="setup(java.lang.String, java.lang.String, java.lang.String, java.lang.String, org.testng.ITestContext)[pri:0, instance:com.infostretch.automation.step.client.Scenario@3e8]" test-instance-name="Add New Contact" name="setup" is-config="true" duration-ms="1" started-at="2015-06-18T16:05:48Z" finished-at="2015-06-18T16:05:48Z">
          <params>
            <param index="0">
              <value>
                <![CDATA[]]>
              </value>
            </param>
            <param index="1">
              <value>
                <![CDATA[]]>
              </value>
            </param>
            <param index="2">
              <value>
                <![CDATA[]]>
              </value>
            </param>
            <param index="3">
              <value>
                <![CDATA[]]>
              </value>
            </param>
            <param index="4">
              <value>
                <![CDATA[org.testng.TestRunner@1dca8c4a]]>
              </value>
            </param>
          </params>
          <reporter-output>
          </reporter-output>
        </test-method> <!-- setup -->
        <test-method status="PASS" signature="setupMethod(java.lang.String, java.lang.String, java.lang.String, java.lang.String, java.lang.reflect.Method)[pri:0, instance:com.infostretch.automation.step.client.Scenario@3e8]" test-instance-name="Add New Contact" name="setupMethod" is-config="true" duration-ms="1" started-at="2015-06-18T16:05:48Z" finished-at="2015-06-18T16:05:48Z">
          <params>
            <param index="0">
              <value>
                <![CDATA[]]>
              </value>
            </param>
            <param index="1">
              <value>
                <![CDATA[]]>
              </value>
            </param>
            <param index="2">
              <value>
                <![CDATA[]]>
              </value>
            </param>
            <param index="3">
              <value>
                <![CDATA[]]>
              </value>
            </param>
            <param index="4">
              <value>
                <![CDATA[public void com.infostretch.automation.step.client.Scenario.scenario()]]>
              </value>
            </param>
          </params>
          <reporter-output>
          </reporter-output>
        </test-method> <!-- setupMethod -->
        <test-method status="PASS" signature="Add New Contact()[pri:1000, instance:com.infostretch.automation.step.client.Scenario@3e8]" test-instance-name="Add New Contact" name="Add New Contact" duration-ms="49050" started-at="2015-06-18T16:05:48Z" description="Add Contact and Verify" finished-at="2015-06-18T16:06:37Z">
          <reporter-output>
            <line>
              <![CDATA[<div style="display:block;margin-left:10px;"><div  class="teststeppass"><span class="teststeppass-label">T </span>Given user opens contact manager</div><div  class="teststeppass"><span class="teststeppass-label">T </span>And open add contact screen</div><div  class="teststeppass"><span class="teststeppass-label">T </span>And generate random contact data</div><div  class="teststeppass"><span class="teststeppass-label">T </span>And store into new.contact</div><div  class="teststeppass"><span class="teststeppass-label">T </span>When fill contact details form with [phone : (165) 076 3794,email : wmg3K@infostretch.com,name : RbzliE]</div><div  class="teststeppass"><span class="teststeppass-label">T </span>And click on save button</div></div>]]>
            </line>
          </reporter-output>
        </test-method> <!-- Add New Contact -->
        <test-method status="PASS" signature="afterMethod(org.testng.ITestContext, org.testng.ITestResult)[pri:0, instance:com.infostretch.automation.step.client.Scenario@3e8]" test-instance-name="Add New Contact" name="afterMethod" is-config="true" duration-ms="1" started-at="2015-06-18T16:06:37Z" finished-at="2015-06-18T16:06:37Z">
          <params>
            <param index="0">
              <value>
                <![CDATA[org.testng.TestRunner@1dca8c4a]]>
              </value>
            </param>
            <param index="1">
              <value>
                <![CDATA[[TestResult name=Add New Contact status=SUCCESS method=M:\JenkinsDemo\AppiumContactManagerDemo\AppiumDemoContactManager\.\scenarios\suite1.bdd.Add New Contact()[pri:1000, instance:com.infostretch.automation.step.client.Scenario@3e8] output=<div style="display:block;margin-left:10px;"><div  class="teststeppass"><span class="teststeppass-label">T </span>Given user opens contact manager</div><div  class="teststeppass"><span class="teststeppass-label">T </span>And open add contact screen</div><div  class="teststeppass"><span class="teststeppass-label">T </span>And generate random contact data</div><div  class="teststeppass"><span class="teststeppass-label">T </span>And store into new.contact</div><div  class="teststeppass"><span class="teststeppass-label">T </span>When fill contact details form with [phone : (165) 076 3794,email : wmg3K@infostretch.com,name : RbzliE]</div><div  class="teststeppass"><span class="teststeppass-label">T </span>And click on save button</div></div>]]]>
              </value>
            </param>
          </params>
          <reporter-output>
          </reporter-output>
        </test-method> <!-- afterMethod -->
        <test-method status="PASS" signature="afterClass(org.testng.ITestContext)[pri:0, instance:com.infostretch.automation.step.client.Scenario@3e8]" test-instance-name="Add New Contact" name="afterClass" is-config="true" duration-ms="0" started-at="2015-06-18T16:06:37Z" finished-at="2015-06-18T16:06:37Z">
          <params>
            <param index="0">
              <value>
                <![CDATA[org.testng.TestRunner@1dca8c4a]]>
              </value>
            </param>
          </params>
          <reporter-output>
          </reporter-output>
        </test-method> <!-- afterClass -->
        <test-method status="PASS" signature="afterTest(org.testng.ITestContext)[pri:0, instance:com.infostretch.automation.step.client.Scenario@3e8]" name="afterTest" is-config="true" duration-ms="2" started-at="2015-06-18T16:06:37Z" finished-at="2015-06-18T16:06:37Z">
          <params>
            <param index="0">
              <value>
                <![CDATA[org.testng.TestRunner@1dca8c4a]]>
              </value>
            </param>
          </params>
          <reporter-output>
          </reporter-output>
        </test-method> <!-- afterTest -->
        <test-method status="PASS" signature="afterSuit(org.testng.ITestContext)[pri:0, instance:com.infostretch.automation.step.client.Scenario@3e8]" name="afterSuit" is-config="true" duration-ms="1010" started-at="2015-06-18T16:06:37Z" finished-at="2015-06-18T16:06:38Z">
          <params>
            <param index="0">
              <value>
                <![CDATA[org.testng.TestRunner@1dca8c4a]]>
              </value>
            </param>
          </params>
          <reporter-output>
          </reporter-output>
        </test-method> <!-- afterSuit -->
      </class> <!-- com.infostretch.automation.step.client.Scenario -->
    </test> <!-- Appium Contact Manager -->
  </suite> <!-- QAS Demo -->
</testng-results>
